Error search tweets:Connection refused
Relevant discussions can be found on the Internet at:
	http://www.google.co.jp/search?q=506c3b98 or
	http://www.google.co.jp/search?q=13a0929a
TwitterException{exceptionCode=[506c3b98-13a0929a 63e3f388-6071bc6d], statusCode=-1, message=null, code=-1, retryAfter=-1, rateLimitStatus=null, version=4.0.1}
Error search tweets:500:Something is broken. Please post to the group (https://dev.twitter.com/docs/support) so the Twitter team can investigate.
message - Internal error
code - 131

Relevant discussions can be found on the Internet at:
	http://www.google.co.jp/search?q=506c3b98 or
	http://www.google.co.jp/search?q=13a0928b
TwitterException{exceptionCode=[506c3b98-13a0928b], statusCode=500, message=Internal error, code=131, retryAfter=-1, rateLimitStatus=null, version=4.0.1}
Error search tweets:500:Something is broken. Please post to the group (https://dev.twitter.com/docs/support) so the Twitter team can investigate.
message - Internal error
code - 131

Relevant discussions can be found on the Internet at:
	http://www.google.co.jp/search?q=506c3b98 or
	http://www.google.co.jp/search?q=13a0928b
TwitterException{exceptionCode=[506c3b98-13a0928b], statusCode=500, message=Internal error, code=131, retryAfter=-1, rateLimitStatus=null, version=4.0.1}
Error search tweets:503:The Twitter servers are up, but overloaded with requests. Try again later.
message - Over capacity
code - 130

Relevant discussions can be found on the Internet at:
	http://www.google.co.jp/search?q=506c3b98 or
	http://www.google.co.jp/search?q=13a0928b
TwitterException{exceptionCode=[506c3b98-13a0928b], statusCode=503, message=Over capacity, code=130, retryAfter=-1, rateLimitStatus=null, version=4.0.1}
Error search tweets:500:Something is broken. Please post to the group (https://dev.twitter.com/docs/support) so the Twitter team can investigate.
message - Internal error
code - 131

Relevant discussions can be found on the Internet at:
	http://www.google.co.jp/search?q=506c3b98 or
	http://www.google.co.jp/search?q=13a0928b
TwitterException{exceptionCode=[506c3b98-13a0928b], statusCode=500, message=Internal error, code=131, retryAfter=-1, rateLimitStatus=null, version=4.0.1}
Error search tweets:500:Something is broken. Please post to the group (https://dev.twitter.com/docs/support) so the Twitter team can investigate.
message - Internal error
code - 131

Relevant discussions can be found on the Internet at:
	http://www.google.co.jp/search?q=506c3b98 or
	http://www.google.co.jp/search?q=13a0928b
TwitterException{exceptionCode=[506c3b98-13a0928b], statusCode=500, message=Internal error, code=131, retryAfter=-1, rateLimitStatus=null, version=4.0.1}
Error search tweets:503:The Twitter servers are up, but overloaded with requests. Try again later.
message - Over capacity
code - 130

Relevant discussions can be found on the Internet at:
	http://www.google.co.jp/search?q=506c3b98 or
	http://www.google.co.jp/search?q=13a0928b
TwitterException{exceptionCode=[506c3b98-13a0928b], statusCode=503, message=Over capacity, code=130, retryAfter=-1, rateLimitStatus=null, version=4.0.1}
Error search tweets:503:The Twitter servers are up, but overloaded with requests. Try again later.
message - Over capacity
code - 130

Relevant discussions can be found on the Internet at:
	http://www.google.co.jp/search?q=506c3b98 or
	http://www.google.co.jp/search?q=13a0928b
TwitterException{exceptionCode=[506c3b98-13a0928b], statusCode=503, message=Over capacity, code=130, retryAfter=-1, rateLimitStatus=null, version=4.0.1}
Error search tweets:503:The Twitter servers are up, but overloaded with requests. Try again later.
message - Over capacity
code - 130

Relevant discussions can be found on the Internet at:
	http://www.google.co.jp/search?q=506c3b98 or
	http://www.google.co.jp/search?q=13a0928b
TwitterException{exceptionCode=[506c3b98-13a0928b], statusCode=503, message=Over capacity, code=130, retryAfter=-1, rateLimitStatus=null, version=4.0.1}
Error search tweets:503:The Twitter servers are up, but overloaded with requests. Try again later.
message - Over capacity
code - 130

Relevant discussions can be found on the Internet at:
	http://www.google.co.jp/search?q=506c3b98 or
	http://www.google.co.jp/search?q=13a0928b
TwitterException{exceptionCode=[506c3b98-13a0928b], statusCode=503, message=Over capacity, code=130, retryAfter=-1, rateLimitStatus=null, version=4.0.1}
Error search tweets:503:The Twitter servers are up, but overloaded with requests. Try again later.
message - Over capacity
code - 130

Relevant discussions can be found on the Internet at:
	http://www.google.co.jp/search?q=506c3b98 or
	http://www.google.co.jp/search?q=13a0928b
TwitterException{exceptionCode=[506c3b98-13a0928b], statusCode=503, message=Over capacity, code=130, retryAfter=-1, rateLimitStatus=null, version=4.0.1}
Error search tweets:503:The Twitter servers are up, but overloaded with requests. Try again later.
message - Over capacity
code - 130

Relevant discussions can be found on the Internet at:
	http://www.google.co.jp/search?q=506c3b98 or
	http://www.google.co.jp/search?q=13a0928b
TwitterException{exceptionCode=[506c3b98-13a0928b], statusCode=503, message=Over capacity, code=130, retryAfter=-1, rateLimitStatus=null, version=4.0.1}
Error search tweets:Read timed out
Relevant discussions can be found on the Internet at:
	http://www.google.co.jp/search?q=506c3b98 or
	http://www.google.co.jp/search?q=13a0929a
TwitterException{exceptionCode=[506c3b98-13a0929a 63e3f388-6071bc6d], statusCode=-1, message=null, code=-1, retryAfter=-1, rateLimitStatus=null, version=4.0.1}
Error search tweets:503:The Twitter servers are up, but overloaded with requests. Try again later.
message - Over capacity
code - 130

Relevant discussions can be found on the Internet at:
	http://www.google.co.jp/search?q=506c3b98 or
	http://www.google.co.jp/search?q=13a0928b
TwitterException{exceptionCode=[506c3b98-13a0928b], statusCode=503, message=Over capacity, code=130, retryAfter=-1, rateLimitStatus=null, version=4.0.1}
Error search tweets:500:Something is broken. Please post to the group (https://dev.twitter.com/docs/support) so the Twitter team can investigate.
message - Internal error
code - 131

Relevant discussions can be found on the Internet at:
	http://www.google.co.jp/search?q=506c3b98 or
	http://www.google.co.jp/search?q=13a0928b
TwitterException{exceptionCode=[506c3b98-13a0928b], statusCode=500, message=Internal error, code=131, retryAfter=-1, rateLimitStatus=null, version=4.0.1}
Error search tweets:503:The Twitter servers are up, but overloaded with requests. Try again later.
message - Over capacity
code - 130

Relevant discussions can be found on the Internet at:
	http://www.google.co.jp/search?q=506c3b98 or
	http://www.google.co.jp/search?q=13a0928b
TwitterException{exceptionCode=[506c3b98-13a0928b], statusCode=503, message=Over capacity, code=130, retryAfter=-1, rateLimitStatus=null, version=4.0.1}
Error search tweets:api.twitter.com
Relevant discussions can be found on the Internet at:
	http://www.google.co.jp/search?q=506c3b98 or
	http://www.google.co.jp/search?q=13a0929a
TwitterException{exceptionCode=[506c3b98-13a0929a 63e3f388-6071bc6d], statusCode=-1, message=null, code=-1, retryAfter=-1, rateLimitStatus=null, version=4.0.1}
Error search tweets:api.twitter.com
Relevant discussions can be found on the Internet at:
	http://www.google.co.jp/search?q=506c3b98 or
	http://www.google.co.jp/search?q=13a0929a
TwitterException{exceptionCode=[506c3b98-13a0929a 63e3f388-6071bc6d], statusCode=-1, message=null, code=-1, retryAfter=-1, rateLimitStatus=null, version=4.0.1}
Error search tweets:500:Something is broken. Please post to the group (https://dev.twitter.com/docs/support) so the Twitter team can investigate.
message - Internal error
code - 131

Relevant discussions can be found on the Internet at:
	http://www.google.co.jp/search?q=506c3b98 or
	http://www.google.co.jp/search?q=13a0928b
TwitterException{exceptionCode=[506c3b98-13a0928b], statusCode=500, message=Internal error, code=131, retryAfter=-1, rateLimitStatus=null, version=4.0.1}
Error search tweets:503:The Twitter servers are up, but overloaded with requests. Try again later.
message - Over capacity
code - 130

Relevant discussions can be found on the Internet at:
	http://www.google.co.jp/search?q=506c3b98 or
	http://www.google.co.jp/search?q=13a0928b
TwitterException{exceptionCode=[506c3b98-13a0928b], statusCode=503, message=Over capacity, code=130, retryAfter=-1, rateLimitStatus=null, version=4.0.1}
Error search tweets:500:Something is broken. Please post to the group (https://dev.twitter.com/docs/support) so the Twitter team can investigate.
message - Internal error
code - 131

Relevant discussions can be found on the Internet at:
	http://www.google.co.jp/search?q=506c3b98 or
	http://www.google.co.jp/search?q=13a0928b
TwitterException{exceptionCode=[506c3b98-13a0928b], statusCode=500, message=Internal error, code=131, retryAfter=-1, rateLimitStatus=null, version=4.0.1}
Error search tweets:500:Something is broken. Please post to the group (https://dev.twitter.com/docs/support) so the Twitter team can investigate.
message - Internal error
code - 131

Relevant discussions can be found on the Internet at:
	http://www.google.co.jp/search?q=506c3b98 or
	http://www.google.co.jp/search?q=13a0928b
TwitterException{exceptionCode=[506c3b98-13a0928b], statusCode=500, message=Internal error, code=131, retryAfter=-1, rateLimitStatus=null, version=4.0.1}
Error search tweets:500:Something is broken. Please post to the group (https://dev.twitter.com/docs/support) so the Twitter team can investigate.
message - Internal error
code - 131

Relevant discussions can be found on the Internet at:
	http://www.google.co.jp/search?q=506c3b98 or
	http://www.google.co.jp/search?q=13a0928b
TwitterException{exceptionCode=[506c3b98-13a0928b], statusCode=500, message=Internal error, code=131, retryAfter=-1, rateLimitStatus=null, version=4.0.1}
Error search tweets:500:Something is broken. Please post to the group (https://dev.twitter.com/docs/support) so the Twitter team can investigate.
message - Internal error
code - 131

Relevant discussions can be found on the Internet at:
	http://www.google.co.jp/search?q=506c3b98 or
	http://www.google.co.jp/search?q=13a0928b
TwitterException{exceptionCode=[506c3b98-13a0928b], statusCode=500, message=Internal error, code=131, retryAfter=-1, rateLimitStatus=null, version=4.0.1}
Error search tweets:500:Something is broken. Please post to the group (https://dev.twitter.com/docs/support) so the Twitter team can investigate.
message - Internal error
code - 131

Relevant discussions can be found on the Internet at:
	http://www.google.co.jp/search?q=506c3b98 or
	http://www.google.co.jp/search?q=13a0928b
TwitterException{exceptionCode=[506c3b98-13a0928b], statusCode=500, message=Internal error, code=131, retryAfter=-1, rateLimitStatus=null, version=4.0.1}
Error search tweets:500:Something is broken. Please post to the group (https://dev.twitter.com/docs/support) so the Twitter team can investigate.
message - Internal error
code - 131

Relevant discussions can be found on the Internet at:
	http://www.google.co.jp/search?q=506c3b98 or
	http://www.google.co.jp/search?q=13a0928b
TwitterException{exceptionCode=[506c3b98-13a0928b], statusCode=500, message=Internal error, code=131, retryAfter=-1, rateLimitStatus=null, version=4.0.1}
Error search tweets:500:Something is broken. Please post to the group (https://dev.twitter.com/docs/support) so the Twitter team can investigate.
message - Internal error
code - 131

Relevant discussions can be found on the Internet at:
	http://www.google.co.jp/search?q=506c3b98 or
	http://www.google.co.jp/search?q=13a0928b
TwitterException{exceptionCode=[506c3b98-13a0928b], statusCode=500, message=Internal error, code=131, retryAfter=-1, rateLimitStatus=null, version=4.0.1}
Error search tweets:503:The Twitter servers are up, but overloaded with requests. Try again later.
message - Over capacity
code - 130

Relevant discussions can be found on the Internet at:
	http://www.google.co.jp/search?q=506c3b98 or
	http://www.google.co.jp/search?q=13a0928b
TwitterException{exceptionCode=[506c3b98-13a0928b], statusCode=503, message=Over capacity, code=130, retryAfter=-1, rateLimitStatus=null, version=4.0.1}
Error search tweets:503:The Twitter servers are up, but overloaded with requests. Try again later.
message - Over capacity
code - 130

Relevant discussions can be found on the Internet at:
	http://www.google.co.jp/search?q=506c3b98 or
	http://www.google.co.jp/search?q=13a0928b
TwitterException{exceptionCode=[506c3b98-13a0928b], statusCode=503, message=Over capacity, code=130, retryAfter=-1, rateLimitStatus=null, version=4.0.1}
Error search tweets:503:The Twitter servers are up, but overloaded with requests. Try again later.
message - Over capacity
code - 130

Relevant discussions can be found on the Internet at:
	http://www.google.co.jp/search?q=506c3b98 or
	http://www.google.co.jp/search?q=13a0928b
TwitterException{exceptionCode=[506c3b98-13a0928b], statusCode=503, message=Over capacity, code=130, retryAfter=-1, rateLimitStatus=null, version=4.0.1}
Error search tweets:500:Something is broken. Please post to the group (https://dev.twitter.com/docs/support) so the Twitter team can investigate.
message - Internal error
code - 131

Relevant discussions can be found on the Internet at:
	http://www.google.co.jp/search?q=506c3b98 or
	http://www.google.co.jp/search?q=13a0928b
TwitterException{exceptionCode=[506c3b98-13a0928b], statusCode=500, message=Internal error, code=131, retryAfter=-1, rateLimitStatus=null, version=4.0.1}
Error search tweets:null
Relevant discussions can be found on the Internet at:
	http://www.google.co.jp/search?q=506c3b98 or
	http://www.google.co.jp/search?q=13a0929a
TwitterException{exceptionCode=[506c3b98-13a0929a b007277d-adc5d39c], statusCode=-1, message=null, code=-1, retryAfter=-1, rateLimitStatus=null, version=4.0.1}
Error search tweets:connect timed out
Relevant discussions can be found on the Internet at:
	http://www.google.co.jp/search?q=506c3b98 or
	http://www.google.co.jp/search?q=13a0929a
TwitterException{exceptionCode=[506c3b98-13a0929a 63e3f388-6071bc6d], statusCode=-1, message=null, code=-1, retryAfter=-1, rateLimitStatus=null, version=4.0.1}
Error search tweets:connect timed out
Relevant discussions can be found on the Internet at:
	http://www.google.co.jp/search?q=506c3b98 or
	http://www.google.co.jp/search?q=13a0929a
TwitterException{exceptionCode=[506c3b98-13a0929a 63e3f388-6071bc6d], statusCode=-1, message=null, code=-1, retryAfter=-1, rateLimitStatus=null, version=4.0.1}
Error search tweets:connect timed out
Relevant discussions can be found on the Internet at:
	http://www.google.co.jp/search?q=506c3b98 or
	http://www.google.co.jp/search?q=13a0929a
TwitterException{exceptionCode=[506c3b98-13a0929a 63e3f388-6071bc6d], statusCode=-1, message=null, code=-1, retryAfter=-1, rateLimitStatus=null, version=4.0.1}
Error search tweets:connect timed out
Relevant discussions can be found on the Internet at:
	http://www.google.co.jp/search?q=506c3b98 or
	http://www.google.co.jp/search?q=13a0929a
TwitterException{exceptionCode=[506c3b98-13a0929a 63e3f388-6071bc6d], statusCode=-1, message=null, code=-1, retryAfter=-1, rateLimitStatus=null, version=4.0.1}
Error search tweets:connect timed out
Relevant discussions can be found on the Internet at:
	http://www.google.co.jp/search?q=506c3b98 or
	http://www.google.co.jp/search?q=13a0929a
TwitterException{exceptionCode=[506c3b98-13a0929a 63e3f388-6071bc6d], statusCode=-1, message=null, code=-1, retryAfter=-1, rateLimitStatus=null, version=4.0.1}
Error search tweets:connect timed out
Relevant discussions can be found on the Internet at:
	http://www.google.co.jp/search?q=506c3b98 or
	http://www.google.co.jp/search?q=13a0929a
TwitterException{exceptionCode=[506c3b98-13a0929a 63e3f388-6071bc6d], statusCode=-1, message=null, code=-1, retryAfter=-1, rateLimitStatus=null, version=4.0.1}
Error search tweets:connect timed out
Relevant discussions can be found on the Internet at:
	http://www.google.co.jp/search?q=506c3b98 or
	http://www.google.co.jp/search?q=13a0929a
TwitterException{exceptionCode=[506c3b98-13a0929a 63e3f388-6071bc6d], statusCode=-1, message=null, code=-1, retryAfter=-1, rateLimitStatus=null, version=4.0.1}
Error search tweets:connect timed out
Relevant discussions can be found on the Internet at:
	http://www.google.co.jp/search?q=506c3b98 or
	http://www.google.co.jp/search?q=13a0929a
TwitterException{exceptionCode=[506c3b98-13a0929a 63e3f388-6071bc6d], statusCode=-1, message=null, code=-1, retryAfter=-1, rateLimitStatus=null, version=4.0.1}
Error search tweets:connect timed out
Relevant discussions can be found on the Internet at:
	http://www.google.co.jp/search?q=506c3b98 or
	http://www.google.co.jp/search?q=13a0929a
TwitterException{exceptionCode=[506c3b98-13a0929a 63e3f388-6071bc6d], statusCode=-1, message=null, code=-1, retryAfter=-1, rateLimitStatus=null, version=4.0.1}
Error search tweets:connect timed out
Relevant discussions can be found on the Internet at:
	http://www.google.co.jp/search?q=506c3b98 or
	http://www.google.co.jp/search?q=13a0929a
TwitterException{exceptionCode=[506c3b98-13a0929a 63e3f388-6071bc6d], statusCode=-1, message=null, code=-1, retryAfter=-1, rateLimitStatus=null, version=4.0.1}
Error search tweets:connect timed out
Relevant discussions can be found on the Internet at:
	http://www.google.co.jp/search?q=506c3b98 or
	http://www.google.co.jp/search?q=13a0929a
TwitterException{exceptionCode=[506c3b98-13a0929a 63e3f388-6071bc6d], statusCode=-1, message=null, code=-1, retryAfter=-1, rateLimitStatus=null, version=4.0.1}
Error search tweets:connect timed out
Relevant discussions can be found on the Internet at:
	http://www.google.co.jp/search?q=506c3b98 or
	http://www.google.co.jp/search?q=13a0929a
TwitterException{exceptionCode=[506c3b98-13a0929a 63e3f388-6071bc6d], statusCode=-1, message=null, code=-1, retryAfter=-1, rateLimitStatus=null, version=4.0.1}
Error search tweets:connect timed out
Relevant discussions can be found on the Internet at:
	http://www.google.co.jp/search?q=506c3b98 or
	http://www.google.co.jp/search?q=13a0929a
TwitterException{exceptionCode=[506c3b98-13a0929a 63e3f388-6071bc6d], statusCode=-1, message=null, code=-1, retryAfter=-1, rateLimitStatus=null, version=4.0.1}
Error search tweets:connect timed out
Relevant discussions can be found on the Internet at:
	http://www.google.co.jp/search?q=506c3b98 or
	http://www.google.co.jp/search?q=13a0929a
TwitterException{exceptionCode=[506c3b98-13a0929a 63e3f388-6071bc6d], statusCode=-1, message=null, code=-1, retryAfter=-1, rateLimitStatus=null, version=4.0.1}
Error search tweets:connect timed out
Relevant discussions can be found on the Internet at:
	http://www.google.co.jp/search?q=506c3b98 or
	http://www.google.co.jp/search?q=13a0929a
TwitterException{exceptionCode=[506c3b98-13a0929a 63e3f388-6071bc6d], statusCode=-1, message=null, code=-1, retryAfter=-1, rateLimitStatus=null, version=4.0.1}
Error search tweets:connect timed out
Relevant discussions can be found on the Internet at:
	http://www.google.co.jp/search?q=506c3b98 or
	http://www.google.co.jp/search?q=13a0929a
TwitterException{exceptionCode=[506c3b98-13a0929a 63e3f388-6071bc6d], statusCode=-1, message=null, code=-1, retryAfter=-1, rateLimitStatus=null, version=4.0.1}
Error search tweets:connect timed out
Relevant discussions can be found on the Internet at:
	http://www.google.co.jp/search?q=506c3b98 or
	http://www.google.co.jp/search?q=13a0929a
TwitterException{exceptionCode=[506c3b98-13a0929a 63e3f388-6071bc6d], statusCode=-1, message=null, code=-1, retryAfter=-1, rateLimitStatus=null, version=4.0.1}
Error search tweets:connect timed out
Relevant discussions can be found on the Internet at:
	http://www.google.co.jp/search?q=506c3b98 or
	http://www.google.co.jp/search?q=13a0929a
TwitterException{exceptionCode=[506c3b98-13a0929a 63e3f388-6071bc6d], statusCode=-1, message=null, code=-1, retryAfter=-1, rateLimitStatus=null, version=4.0.1}
Error search tweets:connect timed out
Relevant discussions can be found on the Internet at:
	http://www.google.co.jp/search?q=506c3b98 or
	http://www.google.co.jp/search?q=13a0929a
TwitterException{exceptionCode=[506c3b98-13a0929a 63e3f388-6071bc6d], statusCode=-1, message=null, code=-1, retryAfter=-1, rateLimitStatus=null, version=4.0.1}
Error search tweets:connect timed out
Relevant discussions can be found on the Internet at:
	http://www.google.co.jp/search?q=506c3b98 or
	http://www.google.co.jp/search?q=13a0929a
TwitterException{exceptionCode=[506c3b98-13a0929a 63e3f388-6071bc6d], statusCode=-1, message=null, code=-1, retryAfter=-1, rateLimitStatus=null, version=4.0.1}
Error search tweets:connect timed out
Relevant discussions can be found on the Internet at:
	http://www.google.co.jp/search?q=506c3b98 or
	http://www.google.co.jp/search?q=13a0929a
TwitterException{exceptionCode=[506c3b98-13a0929a 63e3f388-6071bc6d], statusCode=-1, message=null, code=-1, retryAfter=-1, rateLimitStatus=null, version=4.0.1}
Error search tweets:connect timed out
Relevant discussions can be found on the Internet at:
	http://www.google.co.jp/search?q=506c3b98 or
	http://www.google.co.jp/search?q=13a0929a
TwitterException{exceptionCode=[506c3b98-13a0929a 63e3f388-6071bc6d], statusCode=-1, message=null, code=-1, retryAfter=-1, rateLimitStatus=null, version=4.0.1}
Error search tweets:connect timed out
Relevant discussions can be found on the Internet at:
	http://www.google.co.jp/search?q=506c3b98 or
	http://www.google.co.jp/search?q=13a0929a
TwitterException{exceptionCode=[506c3b98-13a0929a 63e3f388-6071bc6d], statusCode=-1, message=null, code=-1, retryAfter=-1, rateLimitStatus=null, version=4.0.1}
Error search tweets:connect timed out
Relevant discussions can be found on the Internet at:
	http://www.google.co.jp/search?q=506c3b98 or
	http://www.google.co.jp/search?q=13a0929a
TwitterException{exceptionCode=[506c3b98-13a0929a 63e3f388-6071bc6d], statusCode=-1, message=null, code=-1, retryAfter=-1, rateLimitStatus=null, version=4.0.1}
Error search tweets:connect timed out
Relevant discussions can be found on the Internet at:
	http://www.google.co.jp/search?q=506c3b98 or
	http://www.google.co.jp/search?q=13a0929a
TwitterException{exceptionCode=[506c3b98-13a0929a 63e3f388-6071bc6d], statusCode=-1, message=null, code=-1, retryAfter=-1, rateLimitStatus=null, version=4.0.1}
Error search tweets:connect timed out
Relevant discussions can be found on the Internet at:
	http://www.google.co.jp/search?q=506c3b98 or
	http://www.google.co.jp/search?q=13a0929a
TwitterException{exceptionCode=[506c3b98-13a0929a 63e3f388-6071bc6d], statusCode=-1, message=null, code=-1, retryAfter=-1, rateLimitStatus=null, version=4.0.1}
Error search tweets:connect timed out
Relevant discussions can be found on the Internet at:
	http://www.google.co.jp/search?q=506c3b98 or
	http://www.google.co.jp/search?q=13a0929a
TwitterException{exceptionCode=[506c3b98-13a0929a 63e3f388-6071bc6d], statusCode=-1, message=null, code=-1, retryAfter=-1, rateLimitStatus=null, version=4.0.1}
Error search tweets:connect timed out
Relevant discussions can be found on the Internet at:
	http://www.google.co.jp/search?q=506c3b98 or
	http://www.google.co.jp/search?q=13a0929a
TwitterException{exceptionCode=[506c3b98-13a0929a 63e3f388-6071bc6d], statusCode=-1, message=null, code=-1, retryAfter=-1, rateLimitStatus=null, version=4.0.1}
Error search tweets:Remote host closed connection during handshake
Relevant discussions can be found on the Internet at:
	http://www.google.co.jp/search?q=506c3b98 or
	http://www.google.co.jp/search?q=13a0929a
TwitterException{exceptionCode=[506c3b98-13a0929a 63e3f388-6071bc6d 63e3f388-6071bc6d], statusCode=-1, message=null, code=-1, retryAfter=-1, rateLimitStatus=null, version=4.0.1}
Error search tweets:connect timed out
Relevant discussions can be found on the Internet at:
	http://www.google.co.jp/search?q=506c3b98 or
	http://www.google.co.jp/search?q=13a0929a
TwitterException{exceptionCode=[506c3b98-13a0929a 63e3f388-6071bc6d], statusCode=-1, message=null, code=-1, retryAfter=-1, rateLimitStatus=null, version=4.0.1}
Error search tweets:connect timed out
Relevant discussions can be found on the Internet at:
	http://www.google.co.jp/search?q=506c3b98 or
	http://www.google.co.jp/search?q=13a0929a
TwitterException{exceptionCode=[506c3b98-13a0929a 63e3f388-6071bc6d], statusCode=-1, message=null, code=-1, retryAfter=-1, rateLimitStatus=null, version=4.0.1}
Error search tweets:connect timed out
Relevant discussions can be found on the Internet at:
	http://www.google.co.jp/search?q=506c3b98 or
	http://www.google.co.jp/search?q=13a0929a
TwitterException{exceptionCode=[506c3b98-13a0929a 63e3f388-6071bc6d], statusCode=-1, message=null, code=-1, retryAfter=-1, rateLimitStatus=null, version=4.0.1}
Error search tweets:connect timed out
Relevant discussions can be found on the Internet at:
	http://www.google.co.jp/search?q=506c3b98 or
	http://www.google.co.jp/search?q=13a0929a
TwitterException{exceptionCode=[506c3b98-13a0929a 63e3f388-6071bc6d], statusCode=-1, message=null, code=-1, retryAfter=-1, rateLimitStatus=null, version=4.0.1}
Error search tweets:connect timed out
Relevant discussions can be found on the Internet at:
	http://www.google.co.jp/search?q=506c3b98 or
	http://www.google.co.jp/search?q=13a0929a
TwitterException{exceptionCode=[506c3b98-13a0929a 63e3f388-6071bc6d], statusCode=-1, message=null, code=-1, retryAfter=-1, rateLimitStatus=null, version=4.0.1}
Error search tweets:connect timed out
Relevant discussions can be found on the Internet at:
	http://www.google.co.jp/search?q=506c3b98 or
	http://www.google.co.jp/search?q=13a0929a
TwitterException{exceptionCode=[506c3b98-13a0929a 63e3f388-6071bc6d], statusCode=-1, message=null, code=-1, retryAfter=-1, rateLimitStatus=null, version=4.0.1}
Error search tweets:connect timed out
Relevant discussions can be found on the Internet at:
	http://www.google.co.jp/search?q=506c3b98 or
	http://www.google.co.jp/search?q=13a0929a
TwitterException{exceptionCode=[506c3b98-13a0929a 63e3f388-6071bc6d], statusCode=-1, message=null, code=-1, retryAfter=-1, rateLimitStatus=null, version=4.0.1}
Error search tweets:connect timed out
Relevant discussions can be found on the Internet at:
	http://www.google.co.jp/search?q=506c3b98 or
	http://www.google.co.jp/search?q=13a0929a
TwitterException{exceptionCode=[506c3b98-13a0929a 63e3f388-6071bc6d], statusCode=-1, message=null, code=-1, retryAfter=-1, rateLimitStatus=null, version=4.0.1}
Error search tweets:connect timed out
Relevant discussions can be found on the Internet at:
	http://www.google.co.jp/search?q=506c3b98 or
	http://www.google.co.jp/search?q=13a0929a
TwitterException{exceptionCode=[506c3b98-13a0929a 63e3f388-6071bc6d], statusCode=-1, message=null, code=-1, retryAfter=-1, rateLimitStatus=null, version=4.0.1}
Error search tweets:connect timed out
Relevant discussions can be found on the Internet at:
	http://www.google.co.jp/search?q=506c3b98 or
	http://www.google.co.jp/search?q=13a0929a
TwitterException{exceptionCode=[506c3b98-13a0929a 63e3f388-6071bc6d], statusCode=-1, message=null, code=-1, retryAfter=-1, rateLimitStatus=null, version=4.0.1}
Error search tweets:connect timed out
Relevant discussions can be found on the Internet at:
	http://www.google.co.jp/search?q=506c3b98 or
	http://www.google.co.jp/search?q=13a0929a
TwitterException{exceptionCode=[506c3b98-13a0929a 63e3f388-6071bc6d], statusCode=-1, message=null, code=-1, retryAfter=-1, rateLimitStatus=null, version=4.0.1}
Error search tweets:connect timed out
Relevant discussions can be found on the Internet at:
	http://www.google.co.jp/search?q=506c3b98 or
	http://www.google.co.jp/search?q=13a0929a
TwitterException{exceptionCode=[506c3b98-13a0929a 63e3f388-6071bc6d], statusCode=-1, message=null, code=-1, retryAfter=-1, rateLimitStatus=null, version=4.0.1}
Error search tweets:connect timed out
Relevant discussions can be found on the Internet at:
	http://www.google.co.jp/search?q=506c3b98 or
	http://www.google.co.jp/search?q=13a0929a
TwitterException{exceptionCode=[506c3b98-13a0929a 63e3f388-6071bc6d], statusCode=-1, message=null, code=-1, retryAfter=-1, rateLimitStatus=null, version=4.0.1}
Error search tweets:connect timed out
Relevant discussions can be found on the Internet at:
	http://www.google.co.jp/search?q=506c3b98 or
	http://www.google.co.jp/search?q=13a0929a
TwitterException{exceptionCode=[506c3b98-13a0929a 63e3f388-6071bc6d], statusCode=-1, message=null, code=-1, retryAfter=-1, rateLimitStatus=null, version=4.0.1}
Error search tweets:connect timed out
Relevant discussions can be found on the Internet at:
	http://www.google.co.jp/search?q=506c3b98 or
	http://www.google.co.jp/search?q=13a0929a
TwitterException{exceptionCode=[506c3b98-13a0929a 63e3f388-6071bc6d], statusCode=-1, message=null, code=-1, retryAfter=-1, rateLimitStatus=null, version=4.0.1}
Error search tweets:connect timed out
Relevant discussions can be found on the Internet at:
	http://www.google.co.jp/search?q=506c3b98 or
	http://www.google.co.jp/search?q=13a0929a
TwitterException{exceptionCode=[506c3b98-13a0929a 63e3f388-6071bc6d], statusCode=-1, message=null, code=-1, retryAfter=-1, rateLimitStatus=null, version=4.0.1}
Error search tweets:connect timed out
Relevant discussions can be found on the Internet at:
	http://www.google.co.jp/search?q=506c3b98 or
	http://www.google.co.jp/search?q=13a0929a
TwitterException{exceptionCode=[506c3b98-13a0929a 63e3f388-6071bc6d], statusCode=-1, message=null, code=-1, retryAfter=-1, rateLimitStatus=null, version=4.0.1}
Error search tweets:api.twitter.com
Relevant discussions can be found on the Internet at:
	http://www.google.co.jp/search?q=506c3b98 or
	http://www.google.co.jp/search?q=13a0929a
TwitterException{exceptionCode=[506c3b98-13a0929a 63e3f388-6071bc6d], statusCode=-1, message=null, code=-1, retryAfter=-1, rateLimitStatus=null, version=4.0.1}
Error search tweets:connect timed out
Relevant discussions can be found on the Internet at:
	http://www.google.co.jp/search?q=506c3b98 or
	http://www.google.co.jp/search?q=13a0929a
TwitterException{exceptionCode=[506c3b98-13a0929a 63e3f388-6071bc6d], statusCode=-1, message=null, code=-1, retryAfter=-1, rateLimitStatus=null, version=4.0.1}
Error search tweets:connect timed out
Relevant discussions can be found on the Internet at:
	http://www.google.co.jp/search?q=506c3b98 or
	http://www.google.co.jp/search?q=13a0929a
TwitterException{exceptionCode=[506c3b98-13a0929a 63e3f388-6071bc6d], statusCode=-1, message=null, code=-1, retryAfter=-1, rateLimitStatus=null, version=4.0.1}
Error search tweets:connect timed out
Relevant discussions can be found on the Internet at:
	http://www.google.co.jp/search?q=506c3b98 or
	http://www.google.co.jp/search?q=13a0929a
TwitterException{exceptionCode=[506c3b98-13a0929a 63e3f388-6071bc6d], statusCode=-1, message=null, code=-1, retryAfter=-1, rateLimitStatus=null, version=4.0.1}
Error search tweets:connect timed out
Relevant discussions can be found on the Internet at:
	http://www.google.co.jp/search?q=506c3b98 or
	http://www.google.co.jp/search?q=13a0929a
TwitterException{exceptionCode=[506c3b98-13a0929a 63e3f388-6071bc6d], statusCode=-1, message=null, code=-1, retryAfter=-1, rateLimitStatus=null, version=4.0.1}
Error search tweets:connect timed out
Relevant discussions can be found on the Internet at:
	http://www.google.co.jp/search?q=506c3b98 or
	http://www.google.co.jp/search?q=13a0929a
TwitterException{exceptionCode=[506c3b98-13a0929a 63e3f388-6071bc6d], statusCode=-1, message=null, code=-1, retryAfter=-1, rateLimitStatus=null, version=4.0.1}
Error search tweets:connect timed out
Relevant discussions can be found on the Internet at:
	http://www.google.co.jp/search?q=506c3b98 or
	http://www.google.co.jp/search?q=13a0929a
TwitterException{exceptionCode=[506c3b98-13a0929a 63e3f388-6071bc6d], statusCode=-1, message=null, code=-1, retryAfter=-1, rateLimitStatus=null, version=4.0.1}
Error search tweets:connect timed out
Relevant discussions can be found on the Internet at:
	http://www.google.co.jp/search?q=506c3b98 or
	http://www.google.co.jp/search?q=13a0929a
TwitterException{exceptionCode=[506c3b98-13a0929a 63e3f388-6071bc6d], statusCode=-1, message=null, code=-1, retryAfter=-1, rateLimitStatus=null, version=4.0.1}
Error search tweets:connect timed out
Relevant discussions can be found on the Internet at:
	http://www.google.co.jp/search?q=506c3b98 or
	http://www.google.co.jp/search?q=13a0929a
TwitterException{exceptionCode=[506c3b98-13a0929a 63e3f388-6071bc6d], statusCode=-1, message=null, code=-1, retryAfter=-1, rateLimitStatus=null, version=4.0.1}
Error search tweets:connect timed out
Relevant discussions can be found on the Internet at:
	http://www.google.co.jp/search?q=506c3b98 or
	http://www.google.co.jp/search?q=13a0929a
TwitterException{exceptionCode=[506c3b98-13a0929a 63e3f388-6071bc6d], statusCode=-1, message=null, code=-1, retryAfter=-1, rateLimitStatus=null, version=4.0.1}
Error search tweets:connect timed out
Relevant discussions can be found on the Internet at:
	http://www.google.co.jp/search?q=506c3b98 or
	http://www.google.co.jp/search?q=13a0929a
TwitterException{exceptionCode=[506c3b98-13a0929a 63e3f388-6071bc6d], statusCode=-1, message=null, code=-1, retryAfter=-1, rateLimitStatus=null, version=4.0.1}
Error search tweets:connect timed out
Relevant discussions can be found on the Internet at:
	http://www.google.co.jp/search?q=506c3b98 or
	http://www.google.co.jp/search?q=13a0929a
TwitterException{exceptionCode=[506c3b98-13a0929a 63e3f388-6071bc6d], statusCode=-1, message=null, code=-1, retryAfter=-1, rateLimitStatus=null, version=4.0.1}
Error search tweets:connect timed out
Relevant discussions can be found on the Internet at:
	http://www.google.co.jp/search?q=506c3b98 or
	http://www.google.co.jp/search?q=13a0929a
TwitterException{exceptionCode=[506c3b98-13a0929a 63e3f388-6071bc6d], statusCode=-1, message=null, code=-1, retryAfter=-1, rateLimitStatus=null, version=4.0.1}
Error search tweets:connect timed out
Relevant discussions can be found on the Internet at:
	http://www.google.co.jp/search?q=506c3b98 or
	http://www.google.co.jp/search?q=13a0929a
TwitterException{exceptionCode=[506c3b98-13a0929a 63e3f388-6071bc6d], statusCode=-1, message=null, code=-1, retryAfter=-1, rateLimitStatus=null, version=4.0.1}
Error search tweets:connect timed out
Relevant discussions can be found on the Internet at:
	http://www.google.co.jp/search?q=506c3b98 or
	http://www.google.co.jp/search?q=13a0929a
TwitterException{exceptionCode=[506c3b98-13a0929a 63e3f388-6071bc6d], statusCode=-1, message=null, code=-1, retryAfter=-1, rateLimitStatus=null, version=4.0.1}
Error search tweets:connect timed out
Relevant discussions can be found on the Internet at:
	http://www.google.co.jp/search?q=506c3b98 or
	http://www.google.co.jp/search?q=13a0929a
TwitterException{exceptionCode=[506c3b98-13a0929a 63e3f388-6071bc6d], statusCode=-1, message=null, code=-1, retryAfter=-1, rateLimitStatus=null, version=4.0.1}
Error search tweets:connect timed out
Relevant discussions can be found on the Internet at:
	http://www.google.co.jp/search?q=506c3b98 or
	http://www.google.co.jp/search?q=13a0929a
TwitterException{exceptionCode=[506c3b98-13a0929a 63e3f388-6071bc6d], statusCode=-1, message=null, code=-1, retryAfter=-1, rateLimitStatus=null, version=4.0.1}
Error search tweets:connect timed out
Relevant discussions can be found on the Internet at:
	http://www.google.co.jp/search?q=506c3b98 or
	http://www.google.co.jp/search?q=13a0929a
TwitterException{exceptionCode=[506c3b98-13a0929a 63e3f388-6071bc6d], statusCode=-1, message=null, code=-1, retryAfter=-1, rateLimitStatus=null, version=4.0.1}
Error search tweets:connect timed out
Relevant discussions can be found on the Internet at:
	http://www.google.co.jp/search?q=506c3b98 or
	http://www.google.co.jp/search?q=13a0929a
TwitterException{exceptionCode=[506c3b98-13a0929a 63e3f388-6071bc6d], statusCode=-1, message=null, code=-1, retryAfter=-1, rateLimitStatus=null, version=4.0.1}
Error search tweets:connect timed out
Relevant discussions can be found on the Internet at:
	http://www.google.co.jp/search?q=506c3b98 or
	http://www.google.co.jp/search?q=13a0929a
TwitterException{exceptionCode=[506c3b98-13a0929a 63e3f388-6071bc6d], statusCode=-1, message=null, code=-1, retryAfter=-1, rateLimitStatus=null, version=4.0.1}
Error search tweets:connect timed out
Relevant discussions can be found on the Internet at:
	http://www.google.co.jp/search?q=506c3b98 or
	http://www.google.co.jp/search?q=13a0929a
TwitterException{exceptionCode=[506c3b98-13a0929a 63e3f388-6071bc6d], statusCode=-1, message=null, code=-1, retryAfter=-1, rateLimitStatus=null, version=4.0.1}
Error search tweets:connect timed out
Relevant discussions can be found on the Internet at:
	http://www.google.co.jp/search?q=506c3b98 or
	http://www.google.co.jp/search?q=13a0929a
TwitterException{exceptionCode=[506c3b98-13a0929a 63e3f388-6071bc6d], statusCode=-1, message=null, code=-1, retryAfter=-1, rateLimitStatus=null, version=4.0.1}
Error search tweets:connect timed out
Relevant discussions can be found on the Internet at:
	http://www.google.co.jp/search?q=506c3b98 or
	http://www.google.co.jp/search?q=13a0929a
TwitterException{exceptionCode=[506c3b98-13a0929a 63e3f388-6071bc6d], statusCode=-1, message=null, code=-1, retryAfter=-1, rateLimitStatus=null, version=4.0.1}
Error search tweets:connect timed out
Relevant discussions can be found on the Internet at:
	http://www.google.co.jp/search?q=506c3b98 or
	http://www.google.co.jp/search?q=13a0929a
TwitterException{exceptionCode=[506c3b98-13a0929a 63e3f388-6071bc6d], statusCode=-1, message=null, code=-1, retryAfter=-1, rateLimitStatus=null, version=4.0.1}
Error search tweets:connect timed out
Relevant discussions can be found on the Internet at:
	http://www.google.co.jp/search?q=506c3b98 or
	http://www.google.co.jp/search?q=13a0929a
TwitterException{exceptionCode=[506c3b98-13a0929a 63e3f388-6071bc6d], statusCode=-1, message=null, code=-1, retryAfter=-1, rateLimitStatus=null, version=4.0.1}
Error search tweets:connect timed out
Relevant discussions can be found on the Internet at:
	http://www.google.co.jp/search?q=506c3b98 or
	http://www.google.co.jp/search?q=13a0929a
TwitterException{exceptionCode=[506c3b98-13a0929a 63e3f388-6071bc6d], statusCode=-1, message=null, code=-1, retryAfter=-1, rateLimitStatus=null, version=4.0.1}
Error search tweets:connect timed out
Relevant discussions can be found on the Internet at:
	http://www.google.co.jp/search?q=506c3b98 or
	http://www.google.co.jp/search?q=13a0929a
TwitterException{exceptionCode=[506c3b98-13a0929a 63e3f388-6071bc6d], statusCode=-1, message=null, code=-1, retryAfter=-1, rateLimitStatus=null, version=4.0.1}
Error search tweets:connect timed out
Relevant discussions can be found on the Internet at:
	http://www.google.co.jp/search?q=506c3b98 or
	http://www.google.co.jp/search?q=13a0929a
TwitterException{exceptionCode=[506c3b98-13a0929a 63e3f388-6071bc6d], statusCode=-1, message=null, code=-1, retryAfter=-1, rateLimitStatus=null, version=4.0.1}
Error search tweets:connect timed out
Relevant discussions can be found on the Internet at:
	http://www.google.co.jp/search?q=506c3b98 or
	http://www.google.co.jp/search?q=13a0929a
TwitterException{exceptionCode=[506c3b98-13a0929a 63e3f388-6071bc6d], statusCode=-1, message=null, code=-1, retryAfter=-1, rateLimitStatus=null, version=4.0.1}
Error search tweets:connect timed out
Relevant discussions can be found on the Internet at:
	http://www.google.co.jp/search?q=506c3b98 or
	http://www.google.co.jp/search?q=13a0929a
TwitterException{exceptionCode=[506c3b98-13a0929a 63e3f388-6071bc6d], statusCode=-1, message=null, code=-1, retryAfter=-1, rateLimitStatus=null, version=4.0.1}
Error search tweets:connect timed out
Relevant discussions can be found on the Internet at:
	http://www.google.co.jp/search?q=506c3b98 or
	http://www.google.co.jp/search?q=13a0929a
TwitterException{exceptionCode=[506c3b98-13a0929a 63e3f388-6071bc6d], statusCode=-1, message=null, code=-1, retryAfter=-1, rateLimitStatus=null, version=4.0.1}
Error search tweets:connect timed out
Relevant discussions can be found on the Internet at:
	http://www.google.co.jp/search?q=506c3b98 or
	http://www.google.co.jp/search?q=13a0929a
TwitterException{exceptionCode=[506c3b98-13a0929a 63e3f388-6071bc6d], statusCode=-1, message=null, code=-1, retryAfter=-1, rateLimitStatus=null, version=4.0.1}
Error search tweets:api.twitter.com
Relevant discussions can be found on the Internet at:
	http://www.google.co.jp/search?q=506c3b98 or
	http://www.google.co.jp/search?q=13a0929a
TwitterException{exceptionCode=[506c3b98-13a0929a 63e3f388-6071bc6d], statusCode=-1, message=null, code=-1, retryAfter=-1, rateLimitStatus=null, version=4.0.1}
Error search tweets:connect timed out
Relevant discussions can be found on the Internet at:
	http://www.google.co.jp/search?q=506c3b98 or
	http://www.google.co.jp/search?q=13a0929a
TwitterException{exceptionCode=[506c3b98-13a0929a 63e3f388-6071bc6d], statusCode=-1, message=null, code=-1, retryAfter=-1, rateLimitStatus=null, version=4.0.1}
Error search tweets:connect timed out
Relevant discussions can be found on the Internet at:
	http://www.google.co.jp/search?q=506c3b98 or
	http://www.google.co.jp/search?q=13a0929a
TwitterException{exceptionCode=[506c3b98-13a0929a 63e3f388-6071bc6d], statusCode=-1, message=null, code=-1, retryAfter=-1, rateLimitStatus=null, version=4.0.1}
Error search tweets:connect timed out
Relevant discussions can be found on the Internet at:
	http://www.google.co.jp/search?q=506c3b98 or
	http://www.google.co.jp/search?q=13a0929a
TwitterException{exceptionCode=[506c3b98-13a0929a 63e3f388-6071bc6d], statusCode=-1, message=null, code=-1, retryAfter=-1, rateLimitStatus=null, version=4.0.1}
Error search tweets:connect timed out
Relevant discussions can be found on the Internet at:
	http://www.google.co.jp/search?q=506c3b98 or
	http://www.google.co.jp/search?q=13a0929a
TwitterException{exceptionCode=[506c3b98-13a0929a 63e3f388-6071bc6d], statusCode=-1, message=null, code=-1, retryAfter=-1, rateLimitStatus=null, version=4.0.1}
Error search tweets:connect timed out
Relevant discussions can be found on the Internet at:
	http://www.google.co.jp/search?q=506c3b98 or
	http://www.google.co.jp/search?q=13a0929a
TwitterException{exceptionCode=[506c3b98-13a0929a 63e3f388-6071bc6d], statusCode=-1, message=null, code=-1, retryAfter=-1, rateLimitStatus=null, version=4.0.1}
Error search tweets:connect timed out
Relevant discussions can be found on the Internet at:
	http://www.google.co.jp/search?q=506c3b98 or
	http://www.google.co.jp/search?q=13a0929a
TwitterException{exceptionCode=[506c3b98-13a0929a 63e3f388-6071bc6d], statusCode=-1, message=null, code=-1, retryAfter=-1, rateLimitStatus=null, version=4.0.1}
Error search tweets:connect timed out
Relevant discussions can be found on the Internet at:
	http://www.google.co.jp/search?q=506c3b98 or
	http://www.google.co.jp/search?q=13a0929a
TwitterException{exceptionCode=[506c3b98-13a0929a 63e3f388-6071bc6d], statusCode=-1, message=null, code=-1, retryAfter=-1, rateLimitStatus=null, version=4.0.1}
Error search tweets:connect timed out
Relevant discussions can be found on the Internet at:
	http://www.google.co.jp/search?q=506c3b98 or
	http://www.google.co.jp/search?q=13a0929a
TwitterException{exceptionCode=[506c3b98-13a0929a 63e3f388-6071bc6d], statusCode=-1, message=null, code=-1, retryAfter=-1, rateLimitStatus=null, version=4.0.1}
Error search tweets:connect timed out
Relevant discussions can be found on the Internet at:
	http://www.google.co.jp/search?q=506c3b98 or
	http://www.google.co.jp/search?q=13a0929a
TwitterException{exceptionCode=[506c3b98-13a0929a 63e3f388-6071bc6d], statusCode=-1, message=null, code=-1, retryAfter=-1, rateLimitStatus=null, version=4.0.1}
Error search tweets:connect timed out
Relevant discussions can be found on the Internet at:
	http://www.google.co.jp/search?q=506c3b98 or
	http://www.google.co.jp/search?q=13a0929a
TwitterException{exceptionCode=[506c3b98-13a0929a 63e3f388-6071bc6d], statusCode=-1, message=null, code=-1, retryAfter=-1, rateLimitStatus=null, version=4.0.1}
Error search tweets:connect timed out
Relevant discussions can be found on the Internet at:
	http://www.google.co.jp/search?q=506c3b98 or
	http://www.google.co.jp/search?q=13a0929a
TwitterException{exceptionCode=[506c3b98-13a0929a 63e3f388-6071bc6d], statusCode=-1, message=null, code=-1, retryAfter=-1, rateLimitStatus=null, version=4.0.1}
Error search tweets:connect timed out
Relevant discussions can be found on the Internet at:
	http://www.google.co.jp/search?q=506c3b98 or
	http://www.google.co.jp/search?q=13a0929a
TwitterException{exceptionCode=[506c3b98-13a0929a 63e3f388-6071bc6d], statusCode=-1, message=null, code=-1, retryAfter=-1, rateLimitStatus=null, version=4.0.1}
Error search tweets:connect timed out
Relevant discussions can be found on the Internet at:
	http://www.google.co.jp/search?q=506c3b98 or
	http://www.google.co.jp/search?q=13a0929a
TwitterException{exceptionCode=[506c3b98-13a0929a 63e3f388-6071bc6d], statusCode=-1, message=null, code=-1, retryAfter=-1, rateLimitStatus=null, version=4.0.1}
Error search tweets:connect timed out
Relevant discussions can be found on the Internet at:
	http://www.google.co.jp/search?q=506c3b98 or
	http://www.google.co.jp/search?q=13a0929a
TwitterException{exceptionCode=[506c3b98-13a0929a 63e3f388-6071bc6d], statusCode=-1, message=null, code=-1, retryAfter=-1, rateLimitStatus=null, version=4.0.1}
Error search tweets:connect timed out
Relevant discussions can be found on the Internet at:
	http://www.google.co.jp/search?q=506c3b98 or
	http://www.google.co.jp/search?q=13a0929a
TwitterException{exceptionCode=[506c3b98-13a0929a 63e3f388-6071bc6d], statusCode=-1, message=null, code=-1, retryAfter=-1, rateLimitStatus=null, version=4.0.1}
Error search tweets:connect timed out
Relevant discussions can be found on the Internet at:
	http://www.google.co.jp/search?q=506c3b98 or
	http://www.google.co.jp/search?q=13a0929a
TwitterException{exceptionCode=[506c3b98-13a0929a 63e3f388-6071bc6d], statusCode=-1, message=null, code=-1, retryAfter=-1, rateLimitStatus=null, version=4.0.1}
Error search tweets:connect timed out
Relevant discussions can be found on the Internet at:
	http://www.google.co.jp/search?q=506c3b98 or
	http://www.google.co.jp/search?q=13a0929a
TwitterException{exceptionCode=[506c3b98-13a0929a 63e3f388-6071bc6d], statusCode=-1, message=null, code=-1, retryAfter=-1, rateLimitStatus=null, version=4.0.1}
Error search tweets:connect timed out
Relevant discussions can be found on the Internet at:
	http://www.google.co.jp/search?q=506c3b98 or
	http://www.google.co.jp/search?q=13a0929a
TwitterException{exceptionCode=[506c3b98-13a0929a 63e3f388-6071bc6d], statusCode=-1, message=null, code=-1, retryAfter=-1, rateLimitStatus=null, version=4.0.1}
Error search tweets:connect timed out
Relevant discussions can be found on the Internet at:
	http://www.google.co.jp/search?q=506c3b98 or
	http://www.google.co.jp/search?q=13a0929a
TwitterException{exceptionCode=[506c3b98-13a0929a 63e3f388-6071bc6d], statusCode=-1, message=null, code=-1, retryAfter=-1, rateLimitStatus=null, version=4.0.1}
Error search tweets:connect timed out
Relevant discussions can be found on the Internet at:
	http://www.google.co.jp/search?q=506c3b98 or
	http://www.google.co.jp/search?q=13a0929a
TwitterException{exceptionCode=[506c3b98-13a0929a 63e3f388-6071bc6d], statusCode=-1, message=null, code=-1, retryAfter=-1, rateLimitStatus=null, version=4.0.1}
Error search tweets:connect timed out
Relevant discussions can be found on the Internet at:
	http://www.google.co.jp/search?q=506c3b98 or
	http://www.google.co.jp/search?q=13a0929a
TwitterException{exceptionCode=[506c3b98-13a0929a 63e3f388-6071bc6d], statusCode=-1, message=null, code=-1, retryAfter=-1, rateLimitStatus=null, version=4.0.1}
Error search tweets:connect timed out
Relevant discussions can be found on the Internet at:
	http://www.google.co.jp/search?q=506c3b98 or
	http://www.google.co.jp/search?q=13a0929a
TwitterException{exceptionCode=[506c3b98-13a0929a 63e3f388-6071bc6d], statusCode=-1, message=null, code=-1, retryAfter=-1, rateLimitStatus=null, version=4.0.1}
Error search tweets:connect timed out
Relevant discussions can be found on the Internet at:
	http://www.google.co.jp/search?q=506c3b98 or
	http://www.google.co.jp/search?q=13a0929a
TwitterException{exceptionCode=[506c3b98-13a0929a 63e3f388-6071bc6d], statusCode=-1, message=null, code=-1, retryAfter=-1, rateLimitStatus=null, version=4.0.1}
Error search tweets:connect timed out
Relevant discussions can be found on the Internet at:
	http://www.google.co.jp/search?q=506c3b98 or
	http://www.google.co.jp/search?q=13a0929a
TwitterException{exceptionCode=[506c3b98-13a0929a 63e3f388-6071bc6d], statusCode=-1, message=null, code=-1, retryAfter=-1, rateLimitStatus=null, version=4.0.1}
Error search tweets:connect timed out
Relevant discussions can be found on the Internet at:
	http://www.google.co.jp/search?q=506c3b98 or
	http://www.google.co.jp/search?q=13a0929a
TwitterException{exceptionCode=[506c3b98-13a0929a 63e3f388-6071bc6d], statusCode=-1, message=null, code=-1, retryAfter=-1, rateLimitStatus=null, version=4.0.1}
Error search tweets:connect timed out
Relevant discussions can be found on the Internet at:
	http://www.google.co.jp/search?q=506c3b98 or
	http://www.google.co.jp/search?q=13a0929a
TwitterException{exceptionCode=[506c3b98-13a0929a 63e3f388-6071bc6d], statusCode=-1, message=null, code=-1, retryAfter=-1, rateLimitStatus=null, version=4.0.1}
Error search tweets:connect timed out
Relevant discussions can be found on the Internet at:
	http://www.google.co.jp/search?q=506c3b98 or
	http://www.google.co.jp/search?q=13a0929a
TwitterException{exceptionCode=[506c3b98-13a0929a 63e3f388-6071bc6d], statusCode=-1, message=null, code=-1, retryAfter=-1, rateLimitStatus=null, version=4.0.1}
Error search tweets:connect timed out
Relevant discussions can be found on the Internet at:
	http://www.google.co.jp/search?q=506c3b98 or
	http://www.google.co.jp/search?q=13a0929a
TwitterException{exceptionCode=[506c3b98-13a0929a 63e3f388-6071bc6d], statusCode=-1, message=null, code=-1, retryAfter=-1, rateLimitStatus=null, version=4.0.1}
Error search tweets:connect timed out
Relevant discussions can be found on the Internet at:
	http://www.google.co.jp/search?q=506c3b98 or
	http://www.google.co.jp/search?q=13a0929a
TwitterException{exceptionCode=[506c3b98-13a0929a 63e3f388-6071bc6d], statusCode=-1, message=null, code=-1, retryAfter=-1, rateLimitStatus=null, version=4.0.1}
Error search tweets:connect timed out
Relevant discussions can be found on the Internet at:
	http://www.google.co.jp/search?q=506c3b98 or
	http://www.google.co.jp/search?q=13a0929a
TwitterException{exceptionCode=[506c3b98-13a0929a 63e3f388-6071bc6d], statusCode=-1, message=null, code=-1, retryAfter=-1, rateLimitStatus=null, version=4.0.1}
Error search tweets:connect timed out
Relevant discussions can be found on the Internet at:
	http://www.google.co.jp/search?q=506c3b98 or
	http://www.google.co.jp/search?q=13a0929a
TwitterException{exceptionCode=[506c3b98-13a0929a 63e3f388-6071bc6d], statusCode=-1, message=null, code=-1, retryAfter=-1, rateLimitStatus=null, version=4.0.1}
Error search tweets:connect timed out
Relevant discussions can be found on the Internet at:
	http://www.google.co.jp/search?q=506c3b98 or
	http://www.google.co.jp/search?q=13a0929a
TwitterException{exceptionCode=[506c3b98-13a0929a 63e3f388-6071bc6d], statusCode=-1, message=null, code=-1, retryAfter=-1, rateLimitStatus=null, version=4.0.1}
Error search tweets:connect timed out
Relevant discussions can be found on the Internet at:
	http://www.google.co.jp/search?q=506c3b98 or
	http://www.google.co.jp/search?q=13a0929a
TwitterException{exceptionCode=[506c3b98-13a0929a 63e3f388-6071bc6d], statusCode=-1, message=null, code=-1, retryAfter=-1, rateLimitStatus=null, version=4.0.1}
Error search tweets:connect timed out
Relevant discussions can be found on the Internet at:
	http://www.google.co.jp/search?q=506c3b98 or
	http://www.google.co.jp/search?q=13a0929a
TwitterException{exceptionCode=[506c3b98-13a0929a 63e3f388-6071bc6d], statusCode=-1, message=null, code=-1, retryAfter=-1, rateLimitStatus=null, version=4.0.1}
Error search tweets:connect timed out
Relevant discussions can be found on the Internet at:
	http://www.google.co.jp/search?q=506c3b98 or
	http://www.google.co.jp/search?q=13a0929a
TwitterException{exceptionCode=[506c3b98-13a0929a 63e3f388-6071bc6d], statusCode=-1, message=null, code=-1, retryAfter=-1, rateLimitStatus=null, version=4.0.1}
Error search tweets:connect timed out
Relevant discussions can be found on the Internet at:
	http://www.google.co.jp/search?q=506c3b98 or
	http://www.google.co.jp/search?q=13a0929a
TwitterException{exceptionCode=[506c3b98-13a0929a 63e3f388-6071bc6d], statusCode=-1, message=null, code=-1, retryAfter=-1, rateLimitStatus=null, version=4.0.1}
Error search tweets:connect timed out
Relevant discussions can be found on the Internet at:
	http://www.google.co.jp/search?q=506c3b98 or
	http://www.google.co.jp/search?q=13a0929a
TwitterException{exceptionCode=[506c3b98-13a0929a 63e3f388-6071bc6d], statusCode=-1, message=null, code=-1, retryAfter=-1, rateLimitStatus=null, version=4.0.1}
Error search tweets:connect timed out
Relevant discussions can be found on the Internet at:
	http://www.google.co.jp/search?q=506c3b98 or
	http://www.google.co.jp/search?q=13a0929a
TwitterException{exceptionCode=[506c3b98-13a0929a 63e3f388-6071bc6d], statusCode=-1, message=null, code=-1, retryAfter=-1, rateLimitStatus=null, version=4.0.1}
Error search tweets:connect timed out
Relevant discussions can be found on the Internet at:
	http://www.google.co.jp/search?q=506c3b98 or
	http://www.google.co.jp/search?q=13a0929a
TwitterException{exceptionCode=[506c3b98-13a0929a 63e3f388-6071bc6d], statusCode=-1, message=null, code=-1, retryAfter=-1, rateLimitStatus=null, version=4.0.1}
Error search tweets:api.twitter.com
Relevant discussions can be found on the Internet at:
	http://www.google.co.jp/search?q=506c3b98 or
	http://www.google.co.jp/search?q=13a0929a
TwitterException{exceptionCode=[506c3b98-13a0929a 63e3f388-6071bc6d], statusCode=-1, message=null, code=-1, retryAfter=-1, rateLimitStatus=null, version=4.0.1}
Error search tweets:connect timed out
Relevant discussions can be found on the Internet at:
	http://www.google.co.jp/search?q=506c3b98 or
	http://www.google.co.jp/search?q=13a0929a
TwitterException{exceptionCode=[506c3b98-13a0929a 63e3f388-6071bc6d], statusCode=-1, message=null, code=-1, retryAfter=-1, rateLimitStatus=null, version=4.0.1}
Error search tweets:connect timed out
Relevant discussions can be found on the Internet at:
	http://www.google.co.jp/search?q=506c3b98 or
	http://www.google.co.jp/search?q=13a0929a
TwitterException{exceptionCode=[506c3b98-13a0929a 63e3f388-6071bc6d], statusCode=-1, message=null, code=-1, retryAfter=-1, rateLimitStatus=null, version=4.0.1}
Error search tweets:connect timed out
Relevant discussions can be found on the Internet at:
	http://www.google.co.jp/search?q=506c3b98 or
	http://www.google.co.jp/search?q=13a0929a
TwitterException{exceptionCode=[506c3b98-13a0929a 63e3f388-6071bc6d], statusCode=-1, message=null, code=-1, retryAfter=-1, rateLimitStatus=null, version=4.0.1}
Error search tweets:connect timed out
Relevant discussions can be found on the Internet at:
	http://www.google.co.jp/search?q=506c3b98 or
	http://www.google.co.jp/search?q=13a0929a
TwitterException{exceptionCode=[506c3b98-13a0929a 63e3f388-6071bc6d], statusCode=-1, message=null, code=-1, retryAfter=-1, rateLimitStatus=null, version=4.0.1}
Error search tweets:connect timed out
Relevant discussions can be found on the Internet at:
	http://www.google.co.jp/search?q=506c3b98 or
	http://www.google.co.jp/search?q=13a0929a
TwitterException{exceptionCode=[506c3b98-13a0929a 63e3f388-6071bc6d], statusCode=-1, message=null, code=-1, retryAfter=-1, rateLimitStatus=null, version=4.0.1}
Error search tweets:connect timed out
Relevant discussions can be found on the Internet at:
	http://www.google.co.jp/search?q=506c3b98 or
	http://www.google.co.jp/search?q=13a0929a
TwitterException{exceptionCode=[506c3b98-13a0929a 63e3f388-6071bc6d], statusCode=-1, message=null, code=-1, retryAfter=-1, rateLimitStatus=null, version=4.0.1}
Error search tweets:connect timed out
Relevant discussions can be found on the Internet at:
	http://www.google.co.jp/search?q=506c3b98 or
	http://www.google.co.jp/search?q=13a0929a
TwitterException{exceptionCode=[506c3b98-13a0929a 63e3f388-6071bc6d], statusCode=-1, message=null, code=-1, retryAfter=-1, rateLimitStatus=null, version=4.0.1}
Error search tweets:connect timed out
Relevant discussions can be found on the Internet at:
	http://www.google.co.jp/search?q=506c3b98 or
	http://www.google.co.jp/search?q=13a0929a
TwitterException{exceptionCode=[506c3b98-13a0929a 63e3f388-6071bc6d], statusCode=-1, message=null, code=-1, retryAfter=-1, rateLimitStatus=null, version=4.0.1}
Error search tweets:connect timed out
Relevant discussions can be found on the Internet at:
	http://www.google.co.jp/search?q=506c3b98 or
	http://www.google.co.jp/search?q=13a0929a
TwitterException{exceptionCode=[506c3b98-13a0929a 63e3f388-6071bc6d], statusCode=-1, message=null, code=-1, retryAfter=-1, rateLimitStatus=null, version=4.0.1}
Error search tweets:api.twitter.com
Relevant discussions can be found on the Internet at:
	http://www.google.co.jp/search?q=506c3b98 or
	http://www.google.co.jp/search?q=13a0929a
TwitterException{exceptionCode=[506c3b98-13a0929a 63e3f388-6071bc6d], statusCode=-1, message=null, code=-1, retryAfter=-1, rateLimitStatus=null, version=4.0.1}
Error search tweets:connect timed out
Relevant discussions can be found on the Internet at:
	http://www.google.co.jp/search?q=506c3b98 or
	http://www.google.co.jp/search?q=13a0929a
TwitterException{exceptionCode=[506c3b98-13a0929a 63e3f388-6071bc6d], statusCode=-1, message=null, code=-1, retryAfter=-1, rateLimitStatus=null, version=4.0.1}
Error search tweets:connect timed out
Relevant discussions can be found on the Internet at:
	http://www.google.co.jp/search?q=506c3b98 or
	http://www.google.co.jp/search?q=13a0929a
TwitterException{exceptionCode=[506c3b98-13a0929a 63e3f388-6071bc6d], statusCode=-1, message=null, code=-1, retryAfter=-1, rateLimitStatus=null, version=4.0.1}
Error search tweets:connect timed out
Relevant discussions can be found on the Internet at:
	http://www.google.co.jp/search?q=506c3b98 or
	http://www.google.co.jp/search?q=13a0929a
TwitterException{exceptionCode=[506c3b98-13a0929a 63e3f388-6071bc6d], statusCode=-1, message=null, code=-1, retryAfter=-1, rateLimitStatus=null, version=4.0.1}
Error search tweets:connect timed out
Relevant discussions can be found on the Internet at:
	http://www.google.co.jp/search?q=506c3b98 or
	http://www.google.co.jp/search?q=13a0929a
TwitterException{exceptionCode=[506c3b98-13a0929a 63e3f388-6071bc6d], statusCode=-1, message=null, code=-1, retryAfter=-1, rateLimitStatus=null, version=4.0.1}
Error search tweets:connect timed out
Relevant discussions can be found on the Internet at:
	http://www.google.co.jp/search?q=506c3b98 or
	http://www.google.co.jp/search?q=13a0929a
TwitterException{exceptionCode=[506c3b98-13a0929a 63e3f388-6071bc6d], statusCode=-1, message=null, code=-1, retryAfter=-1, rateLimitStatus=null, version=4.0.1}
Error search tweets:connect timed out
Relevant discussions can be found on the Internet at:
	http://www.google.co.jp/search?q=506c3b98 or
	http://www.google.co.jp/search?q=13a0929a
TwitterException{exceptionCode=[506c3b98-13a0929a 63e3f388-6071bc6d], statusCode=-1, message=null, code=-1, retryAfter=-1, rateLimitStatus=null, version=4.0.1}
Error search tweets:connect timed out
Relevant discussions can be found on the Internet at:
	http://www.google.co.jp/search?q=506c3b98 or
	http://www.google.co.jp/search?q=13a0929a
TwitterException{exceptionCode=[506c3b98-13a0929a 63e3f388-6071bc6d], statusCode=-1, message=null, code=-1, retryAfter=-1, rateLimitStatus=null, version=4.0.1}
Error search tweets:connect timed out
Relevant discussions can be found on the Internet at:
	http://www.google.co.jp/search?q=506c3b98 or
	http://www.google.co.jp/search?q=13a0929a
TwitterException{exceptionCode=[506c3b98-13a0929a 63e3f388-6071bc6d], statusCode=-1, message=null, code=-1, retryAfter=-1, rateLimitStatus=null, version=4.0.1}
Error search tweets:connect timed out
Relevant discussions can be found on the Internet at:
	http://www.google.co.jp/search?q=506c3b98 or
	http://www.google.co.jp/search?q=13a0929a
TwitterException{exceptionCode=[506c3b98-13a0929a 63e3f388-6071bc6d], statusCode=-1, message=null, code=-1, retryAfter=-1, rateLimitStatus=null, version=4.0.1}
Error search tweets:api.twitter.com
Relevant discussions can be found on the Internet at:
	http://www.google.co.jp/search?q=506c3b98 or
	http://www.google.co.jp/search?q=13a0929a
TwitterException{exceptionCode=[506c3b98-13a0929a 63e3f388-6071bc6d], statusCode=-1, message=null, code=-1, retryAfter=-1, rateLimitStatus=null, version=4.0.1}
Error search tweets:api.twitter.com
Relevant discussions can be found on the Internet at:
	http://www.google.co.jp/search?q=506c3b98 or
	http://www.google.co.jp/search?q=13a0929a
TwitterException{exceptionCode=[506c3b98-13a0929a 63e3f388-6071bc6d], statusCode=-1, message=null, code=-1, retryAfter=-1, rateLimitStatus=null, version=4.0.1}
Error search tweets:api.twitter.com
Relevant discussions can be found on the Internet at:
	http://www.google.co.jp/search?q=506c3b98 or
	http://www.google.co.jp/search?q=13a0929a
TwitterException{exceptionCode=[506c3b98-13a0929a 63e3f388-6071bc6d], statusCode=-1, message=null, code=-1, retryAfter=-1, rateLimitStatus=null, version=4.0.1}
Error search tweets:api.twitter.com
Relevant discussions can be found on the Internet at:
	http://www.google.co.jp/search?q=506c3b98 or
	http://www.google.co.jp/search?q=13a0929a
TwitterException{exceptionCode=[506c3b98-13a0929a 63e3f388-6071bc6d], statusCode=-1, message=null, code=-1, retryAfter=-1, rateLimitStatus=null, version=4.0.1}
Error search tweets:connect timed out
Relevant discussions can be found on the Internet at:
	http://www.google.co.jp/search?q=506c3b98 or
	http://www.google.co.jp/search?q=13a0929a
TwitterException{exceptionCode=[506c3b98-13a0929a 63e3f388-6071bc6d], statusCode=-1, message=null, code=-1, retryAfter=-1, rateLimitStatus=null, version=4.0.1}
Error search tweets:connect timed out
Relevant discussions can be found on the Internet at:
	http://www.google.co.jp/search?q=506c3b98 or
	http://www.google.co.jp/search?q=13a0929a
TwitterException{exceptionCode=[506c3b98-13a0929a 63e3f388-6071bc6d], statusCode=-1, message=null, code=-1, retryAfter=-1, rateLimitStatus=null, version=4.0.1}
Error search tweets:connect timed out
Relevant discussions can be found on the Internet at:
	http://www.google.co.jp/search?q=506c3b98 or
	http://www.google.co.jp/search?q=13a0929a
TwitterException{exceptionCode=[506c3b98-13a0929a 63e3f388-6071bc6d], statusCode=-1, message=null, code=-1, retryAfter=-1, rateLimitStatus=null, version=4.0.1}
Error search tweets:connect timed out
Relevant discussions can be found on the Internet at:
	http://www.google.co.jp/search?q=506c3b98 or
	http://www.google.co.jp/search?q=13a0929a
TwitterException{exceptionCode=[506c3b98-13a0929a 63e3f388-6071bc6d], statusCode=-1, message=null, code=-1, retryAfter=-1, rateLimitStatus=null, version=4.0.1}
Error search tweets:connect timed out
Relevant discussions can be found on the Internet at:
	http://www.google.co.jp/search?q=506c3b98 or
	http://www.google.co.jp/search?q=13a0929a
TwitterException{exceptionCode=[506c3b98-13a0929a 63e3f388-6071bc6d], statusCode=-1, message=null, code=-1, retryAfter=-1, rateLimitStatus=null, version=4.0.1}
Error search tweets:connect timed out
Relevant discussions can be found on the Internet at:
	http://www.google.co.jp/search?q=506c3b98 or
	http://www.google.co.jp/search?q=13a0929a
TwitterException{exceptionCode=[506c3b98-13a0929a 63e3f388-6071bc6d], statusCode=-1, message=null, code=-1, retryAfter=-1, rateLimitStatus=null, version=4.0.1}
Error search tweets:connect timed out
Relevant discussions can be found on the Internet at:
	http://www.google.co.jp/search?q=506c3b98 or
	http://www.google.co.jp/search?q=13a0929a
TwitterException{exceptionCode=[506c3b98-13a0929a 63e3f388-6071bc6d], statusCode=-1, message=null, code=-1, retryAfter=-1, rateLimitStatus=null, version=4.0.1}
Error search tweets:connect timed out
Relevant discussions can be found on the Internet at:
	http://www.google.co.jp/search?q=506c3b98 or
	http://www.google.co.jp/search?q=13a0929a
TwitterException{exceptionCode=[506c3b98-13a0929a 63e3f388-6071bc6d], statusCode=-1, message=null, code=-1, retryAfter=-1, rateLimitStatus=null, version=4.0.1}
Error search tweets:connect timed out
Relevant discussions can be found on the Internet at:
	http://www.google.co.jp/search?q=506c3b98 or
	http://www.google.co.jp/search?q=13a0929a
TwitterException{exceptionCode=[506c3b98-13a0929a 63e3f388-6071bc6d], statusCode=-1, message=null, code=-1, retryAfter=-1, rateLimitStatus=null, version=4.0.1}
Error search tweets:connect timed out
Relevant discussions can be found on the Internet at:
	http://www.google.co.jp/search?q=506c3b98 or
	http://www.google.co.jp/search?q=13a0929a
TwitterException{exceptionCode=[506c3b98-13a0929a 63e3f388-6071bc6d], statusCode=-1, message=null, code=-1, retryAfter=-1, rateLimitStatus=null, version=4.0.1}
Error search tweets:null
Relevant discussions can be found on the Internet at:
	http://www.google.co.jp/search?q=506c3b98 or
	http://www.google.co.jp/search?q=13a0929a
TwitterException{exceptionCode=[506c3b98-13a0929a b007277d-adc5d39c], statusCode=-1, message=null, code=-1, retryAfter=-1, rateLimitStatus=null, version=4.0.1}
Error search tweets:null
Relevant discussions can be found on the Internet at:
	http://www.google.co.jp/search?q=506c3b98 or
	http://www.google.co.jp/search?q=13a0929a
TwitterException{exceptionCode=[506c3b98-13a0929a b007277d-adc5d39c], statusCode=-1, message=null, code=-1, retryAfter=-1, rateLimitStatus=null, version=4.0.1}
Error search tweets:null
Relevant discussions can be found on the Internet at:
	http://www.google.co.jp/search?q=506c3b98 or
	http://www.google.co.jp/search?q=13a0929a
TwitterException{exceptionCode=[506c3b98-13a0929a b007277d-adc5d39c], statusCode=-1, message=null, code=-1, retryAfter=-1, rateLimitStatus=null, version=4.0.1}
Error search tweets:503:The Twitter servers are up, but overloaded with requests. Try again later.
message - Over capacity
code - 130

Relevant discussions can be found on the Internet at:
	http://www.google.co.jp/search?q=506c3b98 or
	http://www.google.co.jp/search?q=13a0928b
TwitterException{exceptionCode=[506c3b98-13a0928b], statusCode=503, message=Over capacity, code=130, retryAfter=-1, rateLimitStatus=null, version=4.0.1}
Error search tweets:503:The Twitter servers are up, but overloaded with requests. Try again later.
message - Over capacity
code - 130

Relevant discussions can be found on the Internet at:
	http://www.google.co.jp/search?q=506c3b98 or
	http://www.google.co.jp/search?q=13a0928b
TwitterException{exceptionCode=[506c3b98-13a0928b], statusCode=503, message=Over capacity, code=130, retryAfter=-1, rateLimitStatus=null, version=4.0.1}
Error search tweets:Server returned HTTP response code: 500 for URL: https://api.twitter.com/1.1/search/tweets.json?q=%23mh370%20OR%20%23MH370%20OR%20MH370%20OR%20mh370%20&lang=en&with_twitter_user_id=true&include_entities=true
Relevant discussions can be found on the Internet at:
	http://www.google.co.jp/search?q=506c3b98 or
	http://www.google.co.jp/search?q=13a0929a
TwitterException{exceptionCode=[506c3b98-13a0929a 63e3f388-6071bc7c 63e3f388-6071bc6d], statusCode=-1, message=null, code=-1, retryAfter=-1, rateLimitStatus=null, version=4.0.1}
Error search tweets:503:The Twitter servers are up, but overloaded with requests. Try again later.
message - Over capacity
code - 130

Relevant discussions can be found on the Internet at:
	http://www.google.co.jp/search?q=506c3b98 or
	http://www.google.co.jp/search?q=13a0928b
TwitterException{exceptionCode=[506c3b98-13a0928b], statusCode=503, message=Over capacity, code=130, retryAfter=-1, rateLimitStatus=null, version=4.0.1}
Error search tweets:500:Something is broken. Please post to the group (https://dev.twitter.com/docs/support) so the Twitter team can investigate.
message - Internal error
code - 131

Relevant discussions can be found on the Internet at:
	http://www.google.co.jp/search?q=506c3b98 or
	http://www.google.co.jp/search?q=13a0928b
TwitterException{exceptionCode=[506c3b98-13a0928b], statusCode=500, message=Internal error, code=131, retryAfter=-1, rateLimitStatus=null, version=4.0.1}
Error search tweets:connect timed out
Relevant discussions can be found on the Internet at:
	http://www.google.co.jp/search?q=506c3b98 or
	http://www.google.co.jp/search?q=13a0929a
TwitterException{exceptionCode=[506c3b98-13a0929a 63e3f388-6071bc6d], statusCode=-1, message=null, code=-1, retryAfter=-1, rateLimitStatus=null, version=4.0.1}
Error search tweets:connect timed out
Relevant discussions can be found on the Internet at:
	http://www.google.co.jp/search?q=506c3b98 or
	http://www.google.co.jp/search?q=13a0929a
TwitterException{exceptionCode=[506c3b98-13a0929a 63e3f388-6071bc6d], statusCode=-1, message=null, code=-1, retryAfter=-1, rateLimitStatus=null, version=4.0.1}
Error search tweets:connect timed out
Relevant discussions can be found on the Internet at:
	http://www.google.co.jp/search?q=506c3b98 or
	http://www.google.co.jp/search?q=13a0929a
TwitterException{exceptionCode=[506c3b98-13a0929a 63e3f388-6071bc6d], statusCode=-1, message=null, code=-1, retryAfter=-1, rateLimitStatus=null, version=4.0.1}
Error search tweets:503:The Twitter servers are up, but overloaded with requests. Try again later.
message - Over capacity
code - 130

Relevant discussions can be found on the Internet at:
	http://www.google.co.jp/search?q=506c3b98 or
	http://www.google.co.jp/search?q=13a0928b
TwitterException{exceptionCode=[506c3b98-13a0928b], statusCode=503, message=Over capacity, code=130, retryAfter=-1, rateLimitStatus=null, version=4.0.1}
Error search tweets:500:Something is broken. Please post to the group (https://dev.twitter.com/docs/support) so the Twitter team can investigate.
message - Internal error
code - 131

Relevant discussions can be found on the Internet at:
	http://www.google.co.jp/search?q=506c3b98 or
	http://www.google.co.jp/search?q=13a0928b
TwitterException{exceptionCode=[506c3b98-13a0928b], statusCode=500, message=Internal error, code=131, retryAfter=-1, rateLimitStatus=null, version=4.0.1}
Error search tweets:500:Something is broken. Please post to the group (https://dev.twitter.com/docs/support) so the Twitter team can investigate.
message - Internal error
code - 131

Relevant discussions can be found on the Internet at:
	http://www.google.co.jp/search?q=506c3b98 or
	http://www.google.co.jp/search?q=13a0928b
TwitterException{exceptionCode=[506c3b98-13a0928b], statusCode=500, message=Internal error, code=131, retryAfter=-1, rateLimitStatus=null, version=4.0.1}
Error search tweets:500:Something is broken. Please post to the group (https://dev.twitter.com/docs/support) so the Twitter team can investigate.
message - Internal error
code - 131

Relevant discussions can be found on the Internet at:
	http://www.google.co.jp/search?q=506c3b98 or
	http://www.google.co.jp/search?q=13a0928b
TwitterException{exceptionCode=[506c3b98-13a0928b], statusCode=500, message=Internal error, code=131, retryAfter=-1, rateLimitStatus=null, version=4.0.1}
Error search tweets:500:Something is broken. Please post to the group (https://dev.twitter.com/docs/support) so the Twitter team can investigate.
message - Internal error
code - 131

Relevant discussions can be found on the Internet at:
	http://www.google.co.jp/search?q=506c3b98 or
	http://www.google.co.jp/search?q=13a0928b
TwitterException{exceptionCode=[506c3b98-13a0928b], statusCode=500, message=Internal error, code=131, retryAfter=-1, rateLimitStatus=null, version=4.0.1}
Error search tweets:500:Something is broken. Please post to the group (https://dev.twitter.com/docs/support) so the Twitter team can investigate.
message - Internal error
code - 131

Relevant discussions can be found on the Internet at:
	http://www.google.co.jp/search?q=506c3b98 or
	http://www.google.co.jp/search?q=13a0928b
TwitterException{exceptionCode=[506c3b98-13a0928b], statusCode=500, message=Internal error, code=131, retryAfter=-1, rateLimitStatus=null, version=4.0.1}
Error search tweets:500:Something is broken. Please post to the group (https://dev.twitter.com/docs/support) so the Twitter team can investigate.
message - Internal error
code - 131

Relevant discussions can be found on the Internet at:
	http://www.google.co.jp/search?q=506c3b98 or
	http://www.google.co.jp/search?q=13a0928b
TwitterException{exceptionCode=[506c3b98-13a0928b], statusCode=500, message=Internal error, code=131, retryAfter=-1, rateLimitStatus=null, version=4.0.1}
Error search tweets:503:The Twitter servers are up, but overloaded with requests. Try again later.
message - Over capacity
code - 130

Relevant discussions can be found on the Internet at:
	http://www.google.co.jp/search?q=506c3b98 or
	http://www.google.co.jp/search?q=13a0928b
TwitterException{exceptionCode=[506c3b98-13a0928b], statusCode=503, message=Over capacity, code=130, retryAfter=-1, rateLimitStatus=null, version=4.0.1}
Error search tweets:503:The Twitter servers are up, but overloaded with requests. Try again later.
message - Over capacity
code - 130

Relevant discussions can be found on the Internet at:
	http://www.google.co.jp/search?q=506c3b98 or
	http://www.google.co.jp/search?q=13a0928b
TwitterException{exceptionCode=[506c3b98-13a0928b], statusCode=503, message=Over capacity, code=130, retryAfter=-1, rateLimitStatus=null, version=4.0.1}
Error search tweets:503:The Twitter servers are up, but overloaded with requests. Try again later.
message - Over capacity
code - 130

Relevant discussions can be found on the Internet at:
	http://www.google.co.jp/search?q=506c3b98 or
	http://www.google.co.jp/search?q=13a0928b
TwitterException{exceptionCode=[506c3b98-13a0928b], statusCode=503, message=Over capacity, code=130, retryAfter=-1, rateLimitStatus=null, version=4.0.1}
Error search tweets:503:The Twitter servers are up, but overloaded with requests. Try again later.
message - Over capacity
code - 130

Relevant discussions can be found on the Internet at:
	http://www.google.co.jp/search?q=506c3b98 or
	http://www.google.co.jp/search?q=13a0928b
TwitterException{exceptionCode=[506c3b98-13a0928b], statusCode=503, message=Over capacity, code=130, retryAfter=-1, rateLimitStatus=null, version=4.0.1}
Error search tweets:500:Something is broken. Please post to the group (https://dev.twitter.com/docs/support) so the Twitter team can investigate.
message - Internal error
code - 131

Relevant discussions can be found on the Internet at:
	http://www.google.co.jp/search?q=506c3b98 or
	http://www.google.co.jp/search?q=13a0928b
TwitterException{exceptionCode=[506c3b98-13a0928b], statusCode=500, message=Internal error, code=131, retryAfter=-1, rateLimitStatus=null, version=4.0.1}
Error search tweets:500:Something is broken. Please post to the group (https://dev.twitter.com/docs/support) so the Twitter team can investigate.
message - Internal error
code - 131

Relevant discussions can be found on the Internet at:
	http://www.google.co.jp/search?q=506c3b98 or
	http://www.google.co.jp/search?q=13a0928b
TwitterException{exceptionCode=[506c3b98-13a0928b], statusCode=500, message=Internal error, code=131, retryAfter=-1, rateLimitStatus=null, version=4.0.1}
